<?xml version="1.0" encoding="UTF-8"?>
<TestRun id="2cf22e6d-febb-4a5f-90a7-898ef5529184" name="WGC@WGC-PC 2014-06-15 22:35:06" runUser="WGC-PC\WGC" xmlns="http://microsoft.com/schemas/VisualStudio/TeamTest/2010">
  <TestSettings name="本地" id="ffe8e615-da9b-4382-b315-9270326db308">
    <Description>这些设置为本地测试运行的默认测试设置。</Description>
    <Deployment enabled="false" runDeploymentRoot="WGC_WGC-PC 2014-06-15 22_35_06">
      <DeploymentItem filename="D:\git_file\agile6\bin\Debug\Newtonsoft.Json.dll" />
      <DeploymentItem filename="D:\git_file\agile6\bin\Debug\FundHelper.exe" />
    </Deployment>
    <Execution>
      <TestTypeSpecific />
      <AgentRule name="Execution Agents">
      </AgentRule>
    </Execution>
  </TestSettings>
  <Times creation="2014-06-15T22:35:06.6562041+08:00" queuing="2014-06-15T22:35:06.7186042+08:00" start="2014-06-15T22:35:06.7498043+08:00" finish="2014-06-15T22:35:07.1710050+08:00" />
  <ResultSummary outcome="Failed">
    <Counters total="1" executed="1" error="0" failed="1" timeout="0" aborted="0" inconclusive="0" passedButRunAborted="0" notRunnable="0" notExecuted="0" disconnected="0" warning="0" passed="0" completed="0" inProgress="0" pending="0" />
    <RunInfos>
      <RunInfo computerName="WGC-PC" outcome="Warning" timestamp="2014-06-15T22:35:06.7030042+08:00">
        <Text>当前已禁用部署。未部署测试“SearchTest.SearchTest.comparTest”中的部署项“FundHelper.exe”。</Text>
      </RunInfo>
    </RunInfos>
  </ResultSummary>
  <TestDefinitions>
    <UnitTest name="comparTest" storage="d:\git_file\agile6\searchtest\bin\debug\searchtest.dll" id="59befb75-8606-3b35-bbd5-fc7999d32f1e">
      <DeploymentItems>
        <DeploymentItem filename="FundHelper.exe" />
      </DeploymentItems>
      <Execution id="9a54f9b1-83ee-4872-8c86-daa99c6f72ac" />
      <TestMethod codeBase="D:/git_file/agile6/SearchTest/bin/Debug/SearchTest.DLL" adapterTypeName="Microsoft.VisualStudio.TestTools.TestTypes.Unit.UnitTestAdapter, Microsoft.VisualStudio.QualityTools.Tips.UnitTest.Adapter, Version=10.0.0.0, Culture=neutral, PublicKeyToken=b03f5f7f11d50a3a" className="SearchTest.SearchTest, SearchTest, Version=1.0.0.0, Culture=neutral, PublicKeyToken=null" name="comparTest" />
    </UnitTest>
  </TestDefinitions>
  <TestLists>
    <TestList name="列表中未列出的结果" id="8c84fa94-04c1-424b-9868-57a2d4851a1d" />
    <TestList name="所有已加载的结果" id="19431567-8539-422a-85d7-44ee4e166bda" />
  </TestLists>
  <TestEntries>
    <TestEntry testId="59befb75-8606-3b35-bbd5-fc7999d32f1e" executionId="9a54f9b1-83ee-4872-8c86-daa99c6f72ac" testListId="8c84fa94-04c1-424b-9868-57a2d4851a1d" />
  </TestEntries>
  <Results>
    <UnitTestResult executionId="9a54f9b1-83ee-4872-8c86-daa99c6f72ac" testId="59befb75-8606-3b35-bbd5-fc7999d32f1e" testName="comparTest" computerName="WGC-PC" duration="00:00:00.1348819" startTime="2014-06-15T22:35:06.7654043+08:00" endTime="2014-06-15T22:35:07.1398049+08:00" testType="13cdc9d9-ddb5-4fa4-a97d-d965ccfc6d4b" outcome="Failed" testListId="8c84fa94-04c1-424b-9868-57a2d4851a1d" relativeResultsDirectory="9a54f9b1-83ee-4872-8c86-daa99c6f72ac">
      <Output>
        <ErrorInfo>
          <Message>Assert.AreEqual 失败。应为: &lt;System.Collections.Generic.List`1[System.Int32]&gt;，实际为: &lt;System.Collections.Generic.List`1[System.Int32]&gt;。</Message>
          <StackTrace>   在 SearchTest.SearchTest.comparTest() 位置 D:\git_file\agile6\SearchTest\SearchTest.cs:行号 165
</StackTrace>
        </ErrorInfo>
      </Output>
    </UnitTestResult>
  </Results>
</TestRun>