<?xml version="1.0" encoding="UTF-8"?>
<TestRun id="20586681-425a-4eb7-8b50-a591a8983166" name="WGC@WGC-PC 2014-05-24 17:30:27" runUser="WGC-PC\WGC" xmlns="http://microsoft.com/schemas/VisualStudio/TeamTest/2010">
  <TestSettings name="本地" id="ffe8e615-da9b-4382-b315-9270326db308">
    <Description>这些设置为本地测试运行的默认测试设置。</Description>
    <Deployment enabled="false" runDeploymentRoot="WGC_WGC-PC 2014-05-24 17_30_27">
      <DeploymentItem filename="D:\git_file\agile\bin\Debug\Newtonsoft.Json.dll" />
      <DeploymentItem filename="D:\git_file\agile\bin\Debug\FundHelper.exe" />
    </Deployment>
    <Execution>
      <TestTypeSpecific />
      <AgentRule name="Execution Agents">
      </AgentRule>
    </Execution>
  </TestSettings>
  <Times creation="2014-05-24T17:30:27.3542005+08:00" queuing="2014-05-24T17:30:27.3582007+08:00" start="2014-05-24T17:30:27.3792019+08:00" finish="2014-05-24T17:30:31.7434515+08:00" />
  <ResultSummary outcome="Failed">
    <Counters total="5" executed="5" passed="1" error="0" failed="4" timeout="0" aborted="0" inconclusive="0" passedButRunAborted="0" notRunnable="0" notExecuted="0" disconnected="0" warning="0" completed="0" inProgress="0" pending="0" />
    <RunInfos>
      <RunInfo computerName="WGC-PC" outcome="Warning" timestamp="2014-05-24T17:30:27.3582007+08:00">
        <Text>当前已禁用部署。未部署测试“SearchTest.SearchTest.Search_SearchByCodeTest1”中的部署项“FundHelper.exe”。</Text>
      </RunInfo>
    </RunInfos>
  </ResultSummary>
  <TestDefinitions>
    <UnitTest name="Search_SearchByCodeTest1" storage="d:\git_file\agile\searchtest\bin\debug\searchtest.dll" id="885226bb-3bc1-c27b-1bfe-9c217144577b">
      <DeploymentItems>
        <DeploymentItem filename="FundHelper.exe" />
      </DeploymentItems>
      <Execution id="b703302c-9cc4-4ded-a6eb-a3c32000cf10" />
      <TestMethod codeBase="D:/git_file/agile/SearchTest/bin/Debug/SearchTest.DLL" adapterTypeName="Microsoft.VisualStudio.TestTools.TestTypes.Unit.UnitTestAdapter, Microsoft.VisualStudio.QualityTools.Tips.UnitTest.Adapter, Version=10.0.0.0, Culture=neutral, PublicKeyToken=b03f5f7f11d50a3a" className="SearchTest.SearchTest, SearchTest, Version=1.0.0.0, Culture=neutral, PublicKeyToken=null" name="Search_SearchByCodeTest1" />
    </UnitTest>
    <UnitTest name="Search_SearchByNameTest2" storage="d:\git_file\agile\searchtest\bin\debug\searchtest.dll" id="1088fdeb-28ef-0752-3498-b93f358b8a4b">
      <DeploymentItems>
        <DeploymentItem filename="FundHelper.exe" />
      </DeploymentItems>
      <Execution id="fde0504f-4814-4ed8-84d4-fb84e13143cf" />
      <TestMethod codeBase="D:/git_file/agile/SearchTest/bin/Debug/SearchTest.DLL" adapterTypeName="Microsoft.VisualStudio.TestTools.TestTypes.Unit.UnitTestAdapter, Microsoft.VisualStudio.QualityTools.Tips.UnitTest.Adapter, Version=10.0.0.0, Culture=neutral, PublicKeyToken=b03f5f7f11d50a3a" className="SearchTest.SearchTest, SearchTest, Version=1.0.0.0, Culture=neutral, PublicKeyToken=null" name="Search_SearchByNameTest2" />
    </UnitTest>
    <UnitTest name="SearchConstructorTest" storage="d:\git_file\agile\searchtest\bin\debug\searchtest.dll" id="f7f9dc8c-40f9-afe4-bc02-c96992e7d34f">
      <DeploymentItems>
        <DeploymentItem filename="FundHelper.exe" />
      </DeploymentItems>
      <Execution id="0f270acd-18b6-47e2-842f-6b63b5cfcc45" />
      <TestMethod codeBase="D:/git_file/agile/SearchTest/bin/Debug/SearchTest.DLL" adapterTypeName="Microsoft.VisualStudio.TestTools.TestTypes.Unit.UnitTestAdapter, Microsoft.VisualStudio.QualityTools.Tips.UnitTest.Adapter, Version=10.0.0.0, Culture=neutral, PublicKeyToken=b03f5f7f11d50a3a" className="SearchTest.SearchTest, SearchTest, Version=1.0.0.0, Culture=neutral, PublicKeyToken=null" name="SearchConstructorTest" />
    </UnitTest>
    <UnitTest name="Search_SearchByCodeTest2" storage="d:\git_file\agile\searchtest\bin\debug\searchtest.dll" id="a77bd008-9d31-9564-922a-8dedfa4d9ef5">
      <DeploymentItems>
        <DeploymentItem filename="FundHelper.exe" />
      </DeploymentItems>
      <Execution id="0cac2645-2362-484a-8218-088fa2b4a613" />
      <TestMethod codeBase="D:/git_file/agile/SearchTest/bin/Debug/SearchTest.DLL" adapterTypeName="Microsoft.VisualStudio.TestTools.TestTypes.Unit.UnitTestAdapter, Microsoft.VisualStudio.QualityTools.Tips.UnitTest.Adapter, Version=10.0.0.0, Culture=neutral, PublicKeyToken=b03f5f7f11d50a3a" className="SearchTest.SearchTest, SearchTest, Version=1.0.0.0, Culture=neutral, PublicKeyToken=null" name="Search_SearchByCodeTest2" />
    </UnitTest>
    <UnitTest name="Search_SearchByNameTest1" storage="d:\git_file\agile\searchtest\bin\debug\searchtest.dll" id="3d4fa690-dcaf-92a2-a8e4-a3689e99e105">
      <DeploymentItems>
        <DeploymentItem filename="FundHelper.exe" />
      </DeploymentItems>
      <Execution id="16b5b64f-0614-46a0-996a-52a45ff2e936" />
      <TestMethod codeBase="D:/git_file/agile/SearchTest/bin/Debug/SearchTest.DLL" adapterTypeName="Microsoft.VisualStudio.TestTools.TestTypes.Unit.UnitTestAdapter, Microsoft.VisualStudio.QualityTools.Tips.UnitTest.Adapter, Version=10.0.0.0, Culture=neutral, PublicKeyToken=b03f5f7f11d50a3a" className="SearchTest.SearchTest, SearchTest, Version=1.0.0.0, Culture=neutral, PublicKeyToken=null" name="Search_SearchByNameTest1" />
    </UnitTest>
  </TestDefinitions>
  <TestLists>
    <TestList name="列表中未列出的结果" id="8c84fa94-04c1-424b-9868-57a2d4851a1d" />
    <TestList name="所有已加载的结果" id="19431567-8539-422a-85d7-44ee4e166bda" />
  </TestLists>
  <TestEntries>
    <TestEntry testId="f7f9dc8c-40f9-afe4-bc02-c96992e7d34f" executionId="0f270acd-18b6-47e2-842f-6b63b5cfcc45" testListId="8c84fa94-04c1-424b-9868-57a2d4851a1d" />
    <TestEntry testId="885226bb-3bc1-c27b-1bfe-9c217144577b" executionId="b703302c-9cc4-4ded-a6eb-a3c32000cf10" testListId="8c84fa94-04c1-424b-9868-57a2d4851a1d" />
    <TestEntry testId="a77bd008-9d31-9564-922a-8dedfa4d9ef5" executionId="0cac2645-2362-484a-8218-088fa2b4a613" testListId="8c84fa94-04c1-424b-9868-57a2d4851a1d" />
    <TestEntry testId="3d4fa690-dcaf-92a2-a8e4-a3689e99e105" executionId="16b5b64f-0614-46a0-996a-52a45ff2e936" testListId="8c84fa94-04c1-424b-9868-57a2d4851a1d" />
    <TestEntry testId="1088fdeb-28ef-0752-3498-b93f358b8a4b" executionId="fde0504f-4814-4ed8-84d4-fb84e13143cf" testListId="8c84fa94-04c1-424b-9868-57a2d4851a1d" />
  </TestEntries>
  <Results>
    <UnitTestResult executionId="0f270acd-18b6-47e2-842f-6b63b5cfcc45" testId="f7f9dc8c-40f9-afe4-bc02-c96992e7d34f" testName="SearchConstructorTest" computerName="WGC-PC" duration="00:00:00.0243042" startTime="2014-05-24T17:30:27.4052034+08:00" endTime="2014-05-24T17:30:27.6772189+08:00" testType="13cdc9d9-ddb5-4fa4-a97d-d965ccfc6d4b" outcome="Passed" testListId="8c84fa94-04c1-424b-9868-57a2d4851a1d" relativeResultsDirectory="0f270acd-18b6-47e2-842f-6b63b5cfcc45">
    </UnitTestResult>
    <UnitTestResult executionId="b703302c-9cc4-4ded-a6eb-a3c32000cf10" testId="885226bb-3bc1-c27b-1bfe-9c217144577b" testName="Search_SearchByCodeTest1" computerName="WGC-PC" duration="00:00:02.0139619" startTime="2014-05-24T17:30:27.6802191+08:00" endTime="2014-05-24T17:30:29.7013347+08:00" testType="13cdc9d9-ddb5-4fa4-a97d-d965ccfc6d4b" outcome="Failed" testListId="8c84fa94-04c1-424b-9868-57a2d4851a1d" relativeResultsDirectory="b703302c-9cc4-4ded-a6eb-a3c32000cf10">
      <Output>
        <StdOut>远程服务器返回错误: (503) 服务器不可用。</StdOut>
        <ErrorInfo>
          <Message>测试方法 SearchTest.SearchTest.Search_SearchByCodeTest1 引发了异常: 
System.NullReferenceException: 未将对象引用设置到对象的实例。</Message>
          <StackTrace>    在 FundHelper.WebService.GetAllFund() 位置 D:\git_file\agile\WebService.cs:行号 41
   在 SearchTest.SearchTest.Search_SearchByCodeTest1() 位置 D:\git_file\agile\SearchTest\SearchTest.cs:行号 88
</StackTrace>
        </ErrorInfo>
      </Output>
    </UnitTestResult>
    <UnitTestResult executionId="0cac2645-2362-484a-8218-088fa2b4a613" testId="a77bd008-9d31-9564-922a-8dedfa4d9ef5" testName="Search_SearchByCodeTest2" computerName="WGC-PC" duration="00:00:00.6678884" startTime="2014-05-24T17:30:29.7043349+08:00" endTime="2014-05-24T17:30:30.3843738+08:00" testType="13cdc9d9-ddb5-4fa4-a97d-d965ccfc6d4b" outcome="Failed" testListId="8c84fa94-04c1-424b-9868-57a2d4851a1d" relativeResultsDirectory="0cac2645-2362-484a-8218-088fa2b4a613">
      <Output>
        <StdOut>远程服务器返回错误: (503) 服务器不可用。</StdOut>
        <ErrorInfo>
          <Message>测试方法 SearchTest.SearchTest.Search_SearchByCodeTest2 引发了异常: 
System.NullReferenceException: 未将对象引用设置到对象的实例。</Message>
          <StackTrace>    在 FundHelper.WebService.GetAllFund() 位置 D:\git_file\agile\WebService.cs:行号 41
   在 SearchTest.SearchTest.Search_SearchByCodeTest2() 位置 D:\git_file\agile\SearchTest\SearchTest.cs:行号 102
</StackTrace>
        </ErrorInfo>
      </Output>
    </UnitTestResult>
    <UnitTestResult executionId="16b5b64f-0614-46a0-996a-52a45ff2e936" testId="3d4fa690-dcaf-92a2-a8e4-a3689e99e105" testName="Search_SearchByNameTest1" computerName="WGC-PC" duration="00:00:00.4726814" startTime="2014-05-24T17:30:30.3923742+08:00" endTime="2014-05-24T17:30:30.8704016+08:00" testType="13cdc9d9-ddb5-4fa4-a97d-d965ccfc6d4b" outcome="Failed" testListId="8c84fa94-04c1-424b-9868-57a2d4851a1d" relativeResultsDirectory="16b5b64f-0614-46a0-996a-52a45ff2e936">
      <Output>
        <StdOut>远程服务器返回错误: (503) 服务器不可用。</StdOut>
        <ErrorInfo>
          <Message>测试方法 SearchTest.SearchTest.Search_SearchByNameTest1 引发了异常: 
System.NullReferenceException: 未将对象引用设置到对象的实例。</Message>
          <StackTrace>    在 FundHelper.WebService.GetAllFund() 位置 D:\git_file\agile\WebService.cs:行号 41
   在 SearchTest.SearchTest.Search_SearchByNameTest1() 位置 D:\git_file\agile\SearchTest\SearchTest.cs:行号 117
</StackTrace>
        </ErrorInfo>
      </Output>
    </UnitTestResult>
    <UnitTestResult executionId="fde0504f-4814-4ed8-84d4-fb84e13143cf" testId="1088fdeb-28ef-0752-3498-b93f358b8a4b" testName="Search_SearchByNameTest2" computerName="WGC-PC" duration="00:00:00.8304028" startTime="2014-05-24T17:30:30.8744018+08:00" endTime="2014-05-24T17:30:31.7104496+08:00" testType="13cdc9d9-ddb5-4fa4-a97d-d965ccfc6d4b" outcome="Failed" testListId="8c84fa94-04c1-424b-9868-57a2d4851a1d" relativeResultsDirectory="fde0504f-4814-4ed8-84d4-fb84e13143cf">
      <Output>
        <StdOut>远程服务器返回错误: (503) 服务器不可用。</StdOut>
        <ErrorInfo>
          <Message>测试方法 SearchTest.SearchTest.Search_SearchByNameTest2 引发了异常: 
System.NullReferenceException: 未将对象引用设置到对象的实例。</Message>
          <StackTrace>    在 FundHelper.WebService.GetAllFund() 位置 D:\git_file\agile\WebService.cs:行号 41
   在 SearchTest.SearchTest.Search_SearchByNameTest2() 位置 D:\git_file\agile\SearchTest\SearchTest.cs:行号 131
</StackTrace>
        </ErrorInfo>
      </Output>
    </UnitTestResult>
  </Results>
</TestRun>