<?xml version="1.0" encoding="UTF-8"?>
<TestRun id="ac8b4d0b-9a97-4181-adfd-e5c177fec46b" name="WGC@WGC-PC 2014-05-23 22:39:19" runUser="WGC-PC\WGC" xmlns="http://microsoft.com/schemas/VisualStudio/TeamTest/2010">
  <TestSettings name="本地" id="ffe8e615-da9b-4382-b315-9270326db308">
    <Description>这些设置为本地测试运行的默认测试设置。</Description>
    <Deployment enabled="false" runDeploymentRoot="WGC_WGC-PC 2014-05-23 22_39_19">
      <DeploymentItem filename="D:\git_file\agile\bin\Debug\Newtonsoft.Json.dll" />
      <DeploymentItem filename="D:\git_file\agile\bin\Debug\FundHelper.exe" />
    </Deployment>
    <Execution>
      <TestTypeSpecific />
      <AgentRule name="Execution Agents">
      </AgentRule>
    </Execution>
  </TestSettings>
  <Times creation="2014-05-23T22:39:19.2721610+08:00" queuing="2014-05-23T22:39:19.2877610+08:00" start="2014-05-23T22:39:19.3033610+08:00" finish="2014-05-23T22:39:20.5357632+08:00" />
  <ResultSummary outcome="Failed">
    <Counters total="5" executed="5" passed="3" error="0" failed="2" timeout="0" aborted="0" inconclusive="0" passedButRunAborted="0" notRunnable="0" notExecuted="0" disconnected="0" warning="0" completed="0" inProgress="0" pending="0" />
    <RunInfos>
      <RunInfo computerName="WGC-PC" outcome="Warning" timestamp="2014-05-23T22:39:19.2877610+08:00">
        <Text>当前已禁用部署。未部署测试“SearchTest.SearchTest.Search_SearchByCodeTest1”中的部署项“FundHelper.exe”。</Text>
      </RunInfo>
    </RunInfos>
  </ResultSummary>
  <TestDefinitions>
    <UnitTest name="Search_SearchByCodeTest1" storage="d:\git_file\agile\searchtest\bin\debug\searchtest.dll" id="885226bb-3bc1-c27b-1bfe-9c217144577b">
      <DeploymentItems>
        <DeploymentItem filename="FundHelper.exe" />
      </DeploymentItems>
      <Execution id="a9399cdd-4aa9-487f-8c93-6fc4b7fd4529" />
      <TestMethod codeBase="D:/git_file/agile/SearchTest/bin/Debug/SearchTest.DLL" adapterTypeName="Microsoft.VisualStudio.TestTools.TestTypes.Unit.UnitTestAdapter, Microsoft.VisualStudio.QualityTools.Tips.UnitTest.Adapter, Version=10.0.0.0, Culture=neutral, PublicKeyToken=b03f5f7f11d50a3a" className="SearchTest.SearchTest, SearchTest, Version=1.0.0.0, Culture=neutral, PublicKeyToken=null" name="Search_SearchByCodeTest1" />
    </UnitTest>
    <UnitTest name="Search_SearchByNameTest1" storage="d:\git_file\agile\searchtest\bin\debug\searchtest.dll" id="3d4fa690-dcaf-92a2-a8e4-a3689e99e105">
      <DeploymentItems>
        <DeploymentItem filename="FundHelper.exe" />
      </DeploymentItems>
      <Execution id="7835f77a-d514-4073-a938-ac290eacc084" />
      <TestMethod codeBase="D:/git_file/agile/SearchTest/bin/Debug/SearchTest.DLL" adapterTypeName="Microsoft.VisualStudio.TestTools.TestTypes.Unit.UnitTestAdapter, Microsoft.VisualStudio.QualityTools.Tips.UnitTest.Adapter, Version=10.0.0.0, Culture=neutral, PublicKeyToken=b03f5f7f11d50a3a" className="SearchTest.SearchTest, SearchTest, Version=1.0.0.0, Culture=neutral, PublicKeyToken=null" name="Search_SearchByNameTest1" />
    </UnitTest>
    <UnitTest name="Search_SearchByCodeTest2" storage="d:\git_file\agile\searchtest\bin\debug\searchtest.dll" id="a77bd008-9d31-9564-922a-8dedfa4d9ef5">
      <DeploymentItems>
        <DeploymentItem filename="FundHelper.exe" />
      </DeploymentItems>
      <Execution id="51e1da35-d248-4c86-a4de-12bcca421ea0" />
      <TestMethod codeBase="D:/git_file/agile/SearchTest/bin/Debug/SearchTest.DLL" adapterTypeName="Microsoft.VisualStudio.TestTools.TestTypes.Unit.UnitTestAdapter, Microsoft.VisualStudio.QualityTools.Tips.UnitTest.Adapter, Version=10.0.0.0, Culture=neutral, PublicKeyToken=b03f5f7f11d50a3a" className="SearchTest.SearchTest, SearchTest, Version=1.0.0.0, Culture=neutral, PublicKeyToken=null" name="Search_SearchByCodeTest2" />
    </UnitTest>
    <UnitTest name="SearchConstructorTest" storage="d:\git_file\agile\searchtest\bin\debug\searchtest.dll" id="f7f9dc8c-40f9-afe4-bc02-c96992e7d34f">
      <DeploymentItems>
        <DeploymentItem filename="FundHelper.exe" />
      </DeploymentItems>
      <Execution id="ba919e83-385c-457c-bfdb-55fe4ec5f0ae" />
      <TestMethod codeBase="D:/git_file/agile/SearchTest/bin/Debug/SearchTest.DLL" adapterTypeName="Microsoft.VisualStudio.TestTools.TestTypes.Unit.UnitTestAdapter, Microsoft.VisualStudio.QualityTools.Tips.UnitTest.Adapter, Version=10.0.0.0, Culture=neutral, PublicKeyToken=b03f5f7f11d50a3a" className="SearchTest.SearchTest, SearchTest, Version=1.0.0.0, Culture=neutral, PublicKeyToken=null" name="SearchConstructorTest" />
    </UnitTest>
    <UnitTest name="Search_SearchByNameTest2" storage="d:\git_file\agile\searchtest\bin\debug\searchtest.dll" id="1088fdeb-28ef-0752-3498-b93f358b8a4b">
      <DeploymentItems>
        <DeploymentItem filename="FundHelper.exe" />
      </DeploymentItems>
      <Execution id="fb1d6721-3095-470d-983c-ab8115e33555" />
      <TestMethod codeBase="D:/git_file/agile/SearchTest/bin/Debug/SearchTest.DLL" adapterTypeName="Microsoft.VisualStudio.TestTools.TestTypes.Unit.UnitTestAdapter, Microsoft.VisualStudio.QualityTools.Tips.UnitTest.Adapter, Version=10.0.0.0, Culture=neutral, PublicKeyToken=b03f5f7f11d50a3a" className="SearchTest.SearchTest, SearchTest, Version=1.0.0.0, Culture=neutral, PublicKeyToken=null" name="Search_SearchByNameTest2" />
    </UnitTest>
  </TestDefinitions>
  <TestLists>
    <TestList name="列表中未列出的结果" id="8c84fa94-04c1-424b-9868-57a2d4851a1d" />
    <TestList name="所有已加载的结果" id="19431567-8539-422a-85d7-44ee4e166bda" />
  </TestLists>
  <TestEntries>
    <TestEntry testId="1088fdeb-28ef-0752-3498-b93f358b8a4b" executionId="fb1d6721-3095-470d-983c-ab8115e33555" testListId="8c84fa94-04c1-424b-9868-57a2d4851a1d" />
    <TestEntry testId="885226bb-3bc1-c27b-1bfe-9c217144577b" executionId="a9399cdd-4aa9-487f-8c93-6fc4b7fd4529" testListId="8c84fa94-04c1-424b-9868-57a2d4851a1d" />
    <TestEntry testId="3d4fa690-dcaf-92a2-a8e4-a3689e99e105" executionId="7835f77a-d514-4073-a938-ac290eacc084" testListId="8c84fa94-04c1-424b-9868-57a2d4851a1d" />
    <TestEntry testId="a77bd008-9d31-9564-922a-8dedfa4d9ef5" executionId="51e1da35-d248-4c86-a4de-12bcca421ea0" testListId="8c84fa94-04c1-424b-9868-57a2d4851a1d" />
    <TestEntry testId="f7f9dc8c-40f9-afe4-bc02-c96992e7d34f" executionId="ba919e83-385c-457c-bfdb-55fe4ec5f0ae" testListId="8c84fa94-04c1-424b-9868-57a2d4851a1d" />
  </TestEntries>
  <Results>
    <UnitTestResult executionId="fb1d6721-3095-470d-983c-ab8115e33555" testId="1088fdeb-28ef-0752-3498-b93f358b8a4b" testName="Search_SearchByNameTest2" computerName="WGC-PC" duration="00:00:00.2786163" startTime="2014-05-23T22:39:19.3033610+08:00" endTime="2014-05-23T22:39:19.8493620+08:00" testType="13cdc9d9-ddb5-4fa4-a97d-d965ccfc6d4b" outcome="Failed" testListId="8c84fa94-04c1-424b-9868-57a2d4851a1d" relativeResultsDirectory="fb1d6721-3095-470d-983c-ab8115e33555">
      <Output>
        <StdOut>1155 0 2310
577 0 1154
866 578 1154
721 578 865
793 722 865
829 794 865
811 794 828
820 812 828
824 821 828
826 825 828
825 825 825
1155 0 2310
577 0 1154
288 0 576
143 0 287
71 0 142
35 0 70
17 0 34
8 0 16
3 0 7
1 0 2
0 0 0</StdOut>
        <ErrorInfo>
          <Message>Assert.AreEqual 失败。应为: &lt;0&gt;，实际为: &lt;1&gt;。</Message>
          <StackTrace>   在 SearchTest.SearchTest.Search_SearchByNameTest2() 位置 D:\git_file\agile\SearchTest\SearchTest.cs:行号 133
</StackTrace>
        </ErrorInfo>
      </Output>
    </UnitTestResult>
    <UnitTestResult executionId="a9399cdd-4aa9-487f-8c93-6fc4b7fd4529" testId="885226bb-3bc1-c27b-1bfe-9c217144577b" testName="Search_SearchByCodeTest1" computerName="WGC-PC" duration="00:00:00.2923770" startTime="2014-05-23T22:39:19.8493620+08:00" endTime="2014-05-23T22:39:20.1613625+08:00" testType="13cdc9d9-ddb5-4fa4-a97d-d965ccfc6d4b" outcome="Failed" testListId="8c84fa94-04c1-424b-9868-57a2d4851a1d" relativeResultsDirectory="a9399cdd-4aa9-487f-8c93-6fc4b7fd4529">
      <Output>
        <StdOut>1155 0 2310
577 0 1154
288 0 576
143 0 287
71 0 142
35 0 70
17 0 34
8 0 16
3 0 7
1 0 2
0 0 0</StdOut>
        <ErrorInfo>
          <Message>Assert.AreEqual 失败。应为: &lt;0&gt;，实际为: &lt;-2&gt;。</Message>
          <StackTrace>   在 SearchTest.SearchTest.Search_SearchByCodeTest1() 位置 D:\git_file\agile\SearchTest\SearchTest.cs:行号 89
</StackTrace>
        </ErrorInfo>
      </Output>
    </UnitTestResult>
    <UnitTestResult executionId="7835f77a-d514-4073-a938-ac290eacc084" testId="3d4fa690-dcaf-92a2-a8e4-a3689e99e105" testName="Search_SearchByNameTest1" computerName="WGC-PC" duration="00:00:00.1568268" startTime="2014-05-23T22:39:20.1613625+08:00" endTime="2014-05-23T22:39:20.3329628+08:00" testType="13cdc9d9-ddb5-4fa4-a97d-d965ccfc6d4b" outcome="Passed" testListId="8c84fa94-04c1-424b-9868-57a2d4851a1d" relativeResultsDirectory="7835f77a-d514-4073-a938-ac290eacc084">
      <Output>
        <StdOut>1155 0 2310
577 0 1154
866 578 1154
721 578 865
793 722 865
829 794 865
811 794 828
820 812 828
824 821 828
826 825 828
825 825 825
1155 0 2310
577 0 1154
288 0 576
143 0 287
71 0 142
35 0 70
17 0 34
8 0 16
3 0 7
1 0 2
0 0 0</StdOut>
      </Output>
    </UnitTestResult>
    <UnitTestResult executionId="51e1da35-d248-4c86-a4de-12bcca421ea0" testId="a77bd008-9d31-9564-922a-8dedfa4d9ef5" testName="Search_SearchByCodeTest2" computerName="WGC-PC" duration="00:00:00.1410681" startTime="2014-05-23T22:39:20.3329628+08:00" endTime="2014-05-23T22:39:20.4733631+08:00" testType="13cdc9d9-ddb5-4fa4-a97d-d965ccfc6d4b" outcome="Passed" testListId="8c84fa94-04c1-424b-9868-57a2d4851a1d" relativeResultsDirectory="51e1da35-d248-4c86-a4de-12bcca421ea0">
      <Output>
        <StdOut>1155 0 2310
577 0 1154
288 0 576
143 0 287
71 0 142
35 0 70
17 0 34
8 0 16
3 0 7
1 0 2</StdOut>
      </Output>
    </UnitTestResult>
    <UnitTestResult executionId="ba919e83-385c-457c-bfdb-55fe4ec5f0ae" testId="f7f9dc8c-40f9-afe4-bc02-c96992e7d34f" testName="SearchConstructorTest" computerName="WGC-PC" duration="00:00:00.0003134" startTime="2014-05-23T22:39:20.4889631+08:00" endTime="2014-05-23T22:39:20.4889631+08:00" testType="13cdc9d9-ddb5-4fa4-a97d-d965ccfc6d4b" outcome="Passed" testListId="8c84fa94-04c1-424b-9868-57a2d4851a1d" relativeResultsDirectory="ba919e83-385c-457c-bfdb-55fe4ec5f0ae">
    </UnitTestResult>
  </Results>
</TestRun>