<?xml version="1.0" encoding="UTF-8"?>
<TestRun id="6524047a-34c0-4cfc-bf85-9268c47a7023" name="WGC@WGC-PC 2014-05-23 22:39:33" runUser="WGC-PC\WGC" xmlns="http://microsoft.com/schemas/VisualStudio/TeamTest/2010">
  <TestSettings name="本地" id="ffe8e615-da9b-4382-b315-9270326db308">
    <Description>这些设置为本地测试运行的默认测试设置。</Description>
    <Deployment enabled="false" runDeploymentRoot="WGC_WGC-PC 2014-05-23 22_39_33">
      <DeploymentItem filename="D:\git_file\agile\bin\Debug\Newtonsoft.Json.dll" />
      <DeploymentItem filename="D:\git_file\agile\bin\Debug\FundHelper.exe" />
    </Deployment>
    <Execution>
      <TestTypeSpecific />
      <AgentRule name="Execution Agents">
      </AgentRule>
    </Execution>
  </TestSettings>
  <Times creation="2014-05-23T22:39:33.5461860+08:00" queuing="2014-05-23T22:39:33.5617861+08:00" start="2014-05-23T22:39:33.5773861+08:00" finish="2014-05-23T22:39:34.8097882+08:00" />
  <ResultSummary outcome="Failed">
    <Counters total="5" executed="5" passed="3" error="0" failed="2" timeout="0" aborted="0" inconclusive="0" passedButRunAborted="0" notRunnable="0" notExecuted="0" disconnected="0" warning="0" completed="0" inProgress="0" pending="0" />
    <RunInfos>
      <RunInfo computerName="WGC-PC" outcome="Warning" timestamp="2014-05-23T22:39:33.5617861+08:00">
        <Text>当前已禁用部署。未部署测试“SearchTest.SearchTest.Search_SearchByCodeTest1”中的部署项“FundHelper.exe”。</Text>
      </RunInfo>
    </RunInfos>
  </ResultSummary>
  <TestDefinitions>
    <UnitTest name="Search_SearchByCodeTest1" storage="d:\git_file\agile\searchtest\bin\debug\searchtest.dll" id="885226bb-3bc1-c27b-1bfe-9c217144577b">
      <DeploymentItems>
        <DeploymentItem filename="FundHelper.exe" />
      </DeploymentItems>
      <Execution id="c8de0f76-8906-422a-9578-bcc9684e1c50" />
      <TestMethod codeBase="D:/git_file/agile/SearchTest/bin/Debug/SearchTest.DLL" adapterTypeName="Microsoft.VisualStudio.TestTools.TestTypes.Unit.UnitTestAdapter, Microsoft.VisualStudio.QualityTools.Tips.UnitTest.Adapter, Version=10.0.0.0, Culture=neutral, PublicKeyToken=b03f5f7f11d50a3a" className="SearchTest.SearchTest, SearchTest, Version=1.0.0.0, Culture=neutral, PublicKeyToken=null" name="Search_SearchByCodeTest1" />
    </UnitTest>
    <UnitTest name="Search_SearchByNameTest1" storage="d:\git_file\agile\searchtest\bin\debug\searchtest.dll" id="3d4fa690-dcaf-92a2-a8e4-a3689e99e105">
      <DeploymentItems>
        <DeploymentItem filename="FundHelper.exe" />
      </DeploymentItems>
      <Execution id="a8ff763a-f73c-499a-b6d6-97fccff64685" />
      <TestMethod codeBase="D:/git_file/agile/SearchTest/bin/Debug/SearchTest.DLL" adapterTypeName="Microsoft.VisualStudio.TestTools.TestTypes.Unit.UnitTestAdapter, Microsoft.VisualStudio.QualityTools.Tips.UnitTest.Adapter, Version=10.0.0.0, Culture=neutral, PublicKeyToken=b03f5f7f11d50a3a" className="SearchTest.SearchTest, SearchTest, Version=1.0.0.0, Culture=neutral, PublicKeyToken=null" name="Search_SearchByNameTest1" />
    </UnitTest>
    <UnitTest name="Search_SearchByCodeTest2" storage="d:\git_file\agile\searchtest\bin\debug\searchtest.dll" id="a77bd008-9d31-9564-922a-8dedfa4d9ef5">
      <DeploymentItems>
        <DeploymentItem filename="FundHelper.exe" />
      </DeploymentItems>
      <Execution id="e54a70b0-59dd-4771-8429-b8bc82c1baa1" />
      <TestMethod codeBase="D:/git_file/agile/SearchTest/bin/Debug/SearchTest.DLL" adapterTypeName="Microsoft.VisualStudio.TestTools.TestTypes.Unit.UnitTestAdapter, Microsoft.VisualStudio.QualityTools.Tips.UnitTest.Adapter, Version=10.0.0.0, Culture=neutral, PublicKeyToken=b03f5f7f11d50a3a" className="SearchTest.SearchTest, SearchTest, Version=1.0.0.0, Culture=neutral, PublicKeyToken=null" name="Search_SearchByCodeTest2" />
    </UnitTest>
    <UnitTest name="SearchConstructorTest" storage="d:\git_file\agile\searchtest\bin\debug\searchtest.dll" id="f7f9dc8c-40f9-afe4-bc02-c96992e7d34f">
      <DeploymentItems>
        <DeploymentItem filename="FundHelper.exe" />
      </DeploymentItems>
      <Execution id="a7da1261-d91d-448d-8c07-310e6854bf56" />
      <TestMethod codeBase="D:/git_file/agile/SearchTest/bin/Debug/SearchTest.DLL" adapterTypeName="Microsoft.VisualStudio.TestTools.TestTypes.Unit.UnitTestAdapter, Microsoft.VisualStudio.QualityTools.Tips.UnitTest.Adapter, Version=10.0.0.0, Culture=neutral, PublicKeyToken=b03f5f7f11d50a3a" className="SearchTest.SearchTest, SearchTest, Version=1.0.0.0, Culture=neutral, PublicKeyToken=null" name="SearchConstructorTest" />
    </UnitTest>
    <UnitTest name="Search_SearchByNameTest2" storage="d:\git_file\agile\searchtest\bin\debug\searchtest.dll" id="1088fdeb-28ef-0752-3498-b93f358b8a4b">
      <DeploymentItems>
        <DeploymentItem filename="FundHelper.exe" />
      </DeploymentItems>
      <Execution id="2665dd4a-8ed2-4957-a7de-dd26c7b6cb19" />
      <TestMethod codeBase="D:/git_file/agile/SearchTest/bin/Debug/SearchTest.DLL" adapterTypeName="Microsoft.VisualStudio.TestTools.TestTypes.Unit.UnitTestAdapter, Microsoft.VisualStudio.QualityTools.Tips.UnitTest.Adapter, Version=10.0.0.0, Culture=neutral, PublicKeyToken=b03f5f7f11d50a3a" className="SearchTest.SearchTest, SearchTest, Version=1.0.0.0, Culture=neutral, PublicKeyToken=null" name="Search_SearchByNameTest2" />
    </UnitTest>
  </TestDefinitions>
  <TestLists>
    <TestList name="列表中未列出的结果" id="8c84fa94-04c1-424b-9868-57a2d4851a1d" />
    <TestList name="所有已加载的结果" id="19431567-8539-422a-85d7-44ee4e166bda" />
  </TestLists>
  <TestEntries>
    <TestEntry testId="1088fdeb-28ef-0752-3498-b93f358b8a4b" executionId="2665dd4a-8ed2-4957-a7de-dd26c7b6cb19" testListId="8c84fa94-04c1-424b-9868-57a2d4851a1d" />
    <TestEntry testId="885226bb-3bc1-c27b-1bfe-9c217144577b" executionId="c8de0f76-8906-422a-9578-bcc9684e1c50" testListId="8c84fa94-04c1-424b-9868-57a2d4851a1d" />
    <TestEntry testId="3d4fa690-dcaf-92a2-a8e4-a3689e99e105" executionId="a8ff763a-f73c-499a-b6d6-97fccff64685" testListId="8c84fa94-04c1-424b-9868-57a2d4851a1d" />
    <TestEntry testId="a77bd008-9d31-9564-922a-8dedfa4d9ef5" executionId="e54a70b0-59dd-4771-8429-b8bc82c1baa1" testListId="8c84fa94-04c1-424b-9868-57a2d4851a1d" />
    <TestEntry testId="f7f9dc8c-40f9-afe4-bc02-c96992e7d34f" executionId="a7da1261-d91d-448d-8c07-310e6854bf56" testListId="8c84fa94-04c1-424b-9868-57a2d4851a1d" />
  </TestEntries>
  <Results>
    <UnitTestResult executionId="2665dd4a-8ed2-4957-a7de-dd26c7b6cb19" testId="1088fdeb-28ef-0752-3498-b93f358b8a4b" testName="Search_SearchByNameTest2" computerName="WGC-PC" duration="00:00:00.3241920" startTime="2014-05-23T22:39:33.5773861+08:00" endTime="2014-05-23T22:39:34.1077870+08:00" testType="13cdc9d9-ddb5-4fa4-a97d-d965ccfc6d4b" outcome="Failed" testListId="8c84fa94-04c1-424b-9868-57a2d4851a1d" relativeResultsDirectory="2665dd4a-8ed2-4957-a7de-dd26c7b6cb19">
      <Output>
        <StdOut>1155 0 2310
577 0 1154
866 578 1154
721 578 865
793 722 865
829 794 865
811 794 828
820 812 828
824 821 828
826 825 828
825 825 825
1155 0 2310
577 0 1154
288 0 576
143 0 287
71 0 142
35 0 70
17 0 34
8 0 16
3 0 7
1 0 2
0 0 0</StdOut>
        <ErrorInfo>
          <Message>Assert.AreEqual 失败。应为: &lt;0&gt;，实际为: &lt;1&gt;。</Message>
          <StackTrace>   在 SearchTest.SearchTest.Search_SearchByNameTest2() 位置 D:\git_file\agile\SearchTest\SearchTest.cs:行号 133
</StackTrace>
        </ErrorInfo>
      </Output>
    </UnitTestResult>
    <UnitTestResult executionId="c8de0f76-8906-422a-9578-bcc9684e1c50" testId="885226bb-3bc1-c27b-1bfe-9c217144577b" testName="Search_SearchByCodeTest1" computerName="WGC-PC" duration="00:00:00.1321725" startTime="2014-05-23T22:39:34.1233870+08:00" endTime="2014-05-23T22:39:34.2481873+08:00" testType="13cdc9d9-ddb5-4fa4-a97d-d965ccfc6d4b" outcome="Failed" testListId="8c84fa94-04c1-424b-9868-57a2d4851a1d" relativeResultsDirectory="c8de0f76-8906-422a-9578-bcc9684e1c50">
      <Output>
        <StdOut>1155 0 2310
577 0 1154
288 0 576
143 0 287
71 0 142
35 0 70
17 0 34
8 0 16
3 0 7
1 0 2
0 0 0</StdOut>
        <ErrorInfo>
          <Message>Assert.AreEqual 失败。应为: &lt;0&gt;，实际为: &lt;-2&gt;。</Message>
          <StackTrace>   在 SearchTest.SearchTest.Search_SearchByCodeTest1() 位置 D:\git_file\agile\SearchTest\SearchTest.cs:行号 89
</StackTrace>
        </ErrorInfo>
      </Output>
    </UnitTestResult>
    <UnitTestResult executionId="a8ff763a-f73c-499a-b6d6-97fccff64685" testId="3d4fa690-dcaf-92a2-a8e4-a3689e99e105" testName="Search_SearchByNameTest1" computerName="WGC-PC" duration="00:00:00.2160892" startTime="2014-05-23T22:39:34.2637873+08:00" endTime="2014-05-23T22:39:34.4821877+08:00" testType="13cdc9d9-ddb5-4fa4-a97d-d965ccfc6d4b" outcome="Passed" testListId="8c84fa94-04c1-424b-9868-57a2d4851a1d" relativeResultsDirectory="a8ff763a-f73c-499a-b6d6-97fccff64685">
      <Output>
        <StdOut>1155 0 2310
577 0 1154
866 578 1154
721 578 865
793 722 865
829 794 865
811 794 828
820 812 828
824 821 828
826 825 828
825 825 825
1155 0 2310
577 0 1154
288 0 576
143 0 287
71 0 142
35 0 70
17 0 34
8 0 16
3 0 7
1 0 2
0 0 0</StdOut>
      </Output>
    </UnitTestResult>
    <UnitTestResult executionId="e54a70b0-59dd-4771-8429-b8bc82c1baa1" testId="a77bd008-9d31-9564-922a-8dedfa4d9ef5" testName="Search_SearchByCodeTest2" computerName="WGC-PC" duration="00:00:00.2184764" startTime="2014-05-23T22:39:34.4821877+08:00" endTime="2014-05-23T22:39:34.7005881+08:00" testType="13cdc9d9-ddb5-4fa4-a97d-d965ccfc6d4b" outcome="Passed" testListId="8c84fa94-04c1-424b-9868-57a2d4851a1d" relativeResultsDirectory="e54a70b0-59dd-4771-8429-b8bc82c1baa1">
      <Output>
        <StdOut>1155 0 2310
577 0 1154
288 0 576
143 0 287
71 0 142
35 0 70
17 0 34
8 0 16
3 0 7
1 0 2</StdOut>
      </Output>
    </UnitTestResult>
    <UnitTestResult executionId="a7da1261-d91d-448d-8c07-310e6854bf56" testId="f7f9dc8c-40f9-afe4-bc02-c96992e7d34f" testName="SearchConstructorTest" computerName="WGC-PC" duration="00:00:00.0002980" startTime="2014-05-23T22:39:34.7005881+08:00" endTime="2014-05-23T22:39:34.7161881+08:00" testType="13cdc9d9-ddb5-4fa4-a97d-d965ccfc6d4b" outcome="Passed" testListId="8c84fa94-04c1-424b-9868-57a2d4851a1d" relativeResultsDirectory="a7da1261-d91d-448d-8c07-310e6854bf56">
    </UnitTestResult>
  </Results>
</TestRun>