<?xml version="1.0" encoding="UTF-8"?>
<TestRun id="a9c978c4-3c51-4ba1-bdd7-d06bd435eed8" name="WGC@WGC-PC 2014-06-15 23:10:45" runUser="WGC-PC\WGC" xmlns="http://microsoft.com/schemas/VisualStudio/TeamTest/2010">
  <TestSettings name="本地" id="ffe8e615-da9b-4382-b315-9270326db308">
    <Description>这些设置为本地测试运行的默认测试设置。</Description>
    <Deployment enabled="false" runDeploymentRoot="WGC_WGC-PC 2014-06-15 23_10_45">
      <DeploymentItem filename="D:\git_file\agile6\bin\Debug\Newtonsoft.Json.dll" />
      <DeploymentItem filename="D:\git_file\agile6\bin\Debug\FundHelper.exe" />
    </Deployment>
    <Execution>
      <TestTypeSpecific />
      <AgentRule name="Execution Agents">
      </AgentRule>
    </Execution>
  </TestSettings>
  <Times creation="2014-06-15T23:10:45.7274110+08:00" queuing="2014-06-15T23:10:45.7742111+08:00" start="2014-06-15T23:10:45.7898111+08:00" finish="2014-06-15T23:11:13.6040781+08:00" />
  <ResultSummary outcome="Completed">
    <Counters total="1" executed="1" passed="1" error="0" failed="0" timeout="0" aborted="0" inconclusive="0" passedButRunAborted="0" notRunnable="0" notExecuted="0" disconnected="0" warning="0" completed="0" inProgress="0" pending="0" />
  </ResultSummary>
  <TestDefinitions>
    <UnitTest name="CodedUITestMethod1" storage="d:\git_file\agile6\searchtest\bin\debug\searchtest.dll" id="799c1460-eae4-8a34-62a4-f11efd7f1500">
      <Execution id="c07c9e35-70ab-4214-9e8e-9c91bf79de98" />
      <TestMethod codeBase="D:/git_file/agile6/SearchTest/bin/Debug/SearchTest.DLL" adapterTypeName="Microsoft.VisualStudio.TestTools.TestTypes.Unit.UnitTestAdapter, Microsoft.VisualStudio.QualityTools.Tips.UnitTest.Adapter, Version=10.0.0.0, Culture=neutral, PublicKeyToken=b03f5f7f11d50a3a" className="SearchTest.ChartUITest1, SearchTest, Version=1.0.0.0, Culture=neutral, PublicKeyToken=null" name="CodedUITestMethod1" />
      <Extension>Microsoft.VisualStudio.TestTools.UITesting.CodedUITestAttribute, Microsoft.VisualStudio.QualityTools.CodedUITestFramework, Version=10.0.0.0, Culture=neutral, PublicKeyToken=b03f5f7f11d50a3a</Extension>
    </UnitTest>
  </TestDefinitions>
  <TestLists>
    <TestList name="列表中未列出的结果" id="8c84fa94-04c1-424b-9868-57a2d4851a1d" />
    <TestList name="所有已加载的结果" id="19431567-8539-422a-85d7-44ee4e166bda" />
  </TestLists>
  <TestEntries>
    <TestEntry testId="799c1460-eae4-8a34-62a4-f11efd7f1500" executionId="c07c9e35-70ab-4214-9e8e-9c91bf79de98" testListId="8c84fa94-04c1-424b-9868-57a2d4851a1d" />
  </TestEntries>
  <Results>
    <UnitTestResult executionId="c07c9e35-70ab-4214-9e8e-9c91bf79de98" testId="799c1460-eae4-8a34-62a4-f11efd7f1500" testName="CodedUITestMethod1" computerName="WGC-PC" duration="00:00:27.4620875" startTime="2014-06-15T23:10:45.8084113+08:00" endTime="2014-06-15T23:11:13.5728781+08:00" testType="13cdc9d9-ddb5-4fa4-a97d-d965ccfc6d4b" outcome="Passed" testListId="8c84fa94-04c1-424b-9868-57a2d4851a1d" relativeResultsDirectory="c07c9e35-70ab-4214-9e8e-9c91bf79de98">
      <Output>
        <DebugTrace>E, 6096, 66, 2014/06/15, 23:10:46.631, 104171101020, QTAgent32.exe, Exception: System.NotSupportedException
	Message: 不支持所指定的方法。
	Stack Trace:    在 Microsoft.VisualStudio.TestTools.UITest.Extension.Msaa.MsaaElement.GetPropertyValue(String propertyName)
   在 Microsoft.VisualStudio.TestTools.UITest.Extension.PropertyCondition.Match(IUITechnologyElement element)
	BaseExceptionMessage: 不支持所指定的方法。

W, 6096, 66, 2014/06/15, 23:10:46.740, 104171362782, QTAgent32.exe, Playback - [WARNING] Internal warning: Could not obtain technology manager for given id in GetTechnologyManagerById.
\0
W, 6096, 66, 2014/06/15, 23:11:03.479, 104210496562, QTAgent32.exe, &lt;a class=success&gt;Playback - {1} [SUCCESS] MouseButtonClick - "[MSAA, VisibleOnly]ControlType='Cell' &amp;&amp; Value='YFDTTLCHBA'"
\0&lt;/a&gt;
E, 6096, 66, 2014/06/15, 23:11:03.713, 104211049446, QTAgent32.exe, Exception: System.NotSupportedException
	Message: 不支持所指定的方法。
	Stack Trace:    在 Microsoft.VisualStudio.TestTools.UITest.Extension.Msaa.MsaaElement.GetPropertyValue(String propertyName)
   在 Microsoft.VisualStudio.TestTools.UITest.Extension.PropertyCondition.Match(IUITechnologyElement element)
	BaseExceptionMessage: 不支持所指定的方法。

W, 6096, 66, 2014/06/15, 23:11:03.916, 104211530683, QTAgent32.exe, Playback - [WARNING] Internal warning: Could not obtain technology manager for given id in GetTechnologyManagerById.
\0
W, 6096, 66, 2014/06/15, 23:11:04.758, 104213485536, QTAgent32.exe, &lt;a class=success&gt;Playback - {2} [SUCCESS] DoubleClick - "[MSAA, VisibleOnly]ControlType='Cell' &amp;&amp; Value='YFDTTLCHBA'"  &lt; Mouse cursor location (567, 135) &gt;
\0&lt;/a&gt;
W, 6096, 66, 2014/06/15, 23:11:05.492, 104215219059, QTAgent32.exe, Msaa.MsaaElement() took more time. Total time taken 631 ms for element 12649360
W, 6096, 66, 2014/06/15, 23:11:06.396, 104217322804, QTAgent32.exe, &lt;a class=success&gt;Playback - {3} [SUCCESS] MouseButtonClick - "[MSAA, VisibleOnly]ControlType='Button' &amp;&amp; Name='图形'"
\0&lt;/a&gt;
W, 6096, 66, 2014/06/15, 23:11:06.958, 104218651752, QTAgent32.exe, &lt;a class=success&gt;Playback - {4} [SUCCESS] EnsureVisible - "[MSAA, VisibleOnly]Name='X axis 主要网格线' &amp;&amp; ControlType='Image'"  &lt; Element is clickable &gt;
\0&lt;/a&gt;
W, 6096, 66, 2014/06/15, 23:11:07.208, 104219215896, QTAgent32.exe, &lt;a class=success&gt;Playback - {5} [SUCCESS] StartDragging - "[MSAA, VisibleOnly]Name='X axis 主要网格线' &amp;&amp; ControlType='Image'"  &lt; Mouse cursor location (696, 512) &gt;
\0&lt;/a&gt;
W, 6096, 66, 2014/06/15, 23:11:07.348, 104219568677, QTAgent32.exe, &lt;a class=success&gt;Playback - {6} [SUCCESS] EnsureVisible - "[MSAA, VisibleOnly]Name='X axis 主要网格线' &amp;&amp; ControlType='Image'"  &lt; Element is clickable &gt;
\0&lt;/a&gt;
W, 6096, 66, 2014/06/15, 23:11:09.782, 104225234955, QTAgent32.exe, &lt;a class=success&gt;Playback - {7} [SUCCESS] StopDragging  &lt; Mouse cursor location (837, 545) &gt;
\0&lt;/a&gt;
W, 6096, 66, 2014/06/15, 23:11:10.062, 104225920887, QTAgent32.exe, &lt;a class=success&gt;Playback - {8} [SUCCESS] EnsureVisible - "[MSAA, VisibleOnly]Name='chart1' &amp;&amp; ControlType='Chart'"  &lt; Element is clickable &gt;
\0&lt;/a&gt;
W, 6096, 66, 2014/06/15, 23:11:10.328, 104226512136, QTAgent32.exe, &lt;a class=success&gt;Playback - {9} [SUCCESS] StartDragging - "[MSAA, VisibleOnly]Name='chart1' &amp;&amp; ControlType='Chart'"  &lt; Mouse cursor location (801, 579) &gt;
\0&lt;/a&gt;
W, 6096, 66, 2014/06/15, 23:11:10.889, 104227844116, QTAgent32.exe, &lt;a class=success&gt;Playback - {10} [SUCCESS] EnsureVisible - "[MSAA, VisibleOnly]Name='chart1' &amp;&amp; ControlType='Chart'"  &lt; EnsureVisible via Scrolling &gt;
\0&lt;/a&gt;
W, 6096, 66, 2014/06/15, 23:11:11.139, 104228410382, QTAgent32.exe, &lt;a class=success&gt;Playback - {11} [SUCCESS] StopDragging  &lt; Mouse cursor location (800, 573) &gt;
\0&lt;/a&gt;
W, 6096, 66, 2014/06/15, 23:11:11.607, 104229500352, QTAgent32.exe, &lt;a class=success&gt;Playback - {12} [SUCCESS] MouseButtonClick - "[MSAA, VisibleOnly]Name='chart1' &amp;&amp; ControlType='Chart'"
\0&lt;/a&gt;
W, 6096, 66, 2014/06/15, 23:11:12.262, 104231063151, QTAgent32.exe, &lt;a class=success&gt;Playback - {13} [SUCCESS] MouseButtonClick - "[MSAA, VisibleOnly]ControlType='Button' &amp;&amp; Name='列表'"
\0&lt;/a&gt;
W, 6096, 66, 2014/06/15, 23:11:12.730, 104232126253, QTAgent32.exe, &lt;a class=success&gt;Playback - {14} [SUCCESS] MouseButtonClick - "[MSAA, VisibleOnly]ControlType='Button' &amp;&amp; Name='图形'"
\0&lt;/a&gt;
W, 6096, 66, 2014/06/15, 23:11:13.432, 104233796792, QTAgent32.exe, &lt;a class=success&gt;Playback - {15} [SUCCESS] MouseButtonClick - "[MSAA, VisibleOnly]ControlType='Button' &amp;&amp; Name='返回'"
\0&lt;/a&gt;
W, 6096, 66, 2014/06/15, 23:11:13.557, 104234077066, QTAgent32.exe, IEDOM : StopSession of the plugin called before StartSession
W, 6096, 66, 2014/06/15, 23:11:13.557, 104234077399, QTAgent32.exe, UIA : StopSession of the plugin called before StartSession
</DebugTrace>
      </Output>
    </UnitTestResult>
  </Results>
</TestRun>