<?xml version="1.0" encoding="UTF-8"?>
<TestRun id="a286672d-86ba-411b-8cd5-0a0ad664feb5" name="WGC@WGC-PC 2014-05-24 18:10:26" runUser="WGC-PC\WGC" xmlns="http://microsoft.com/schemas/VisualStudio/TeamTest/2010">
  <TestSettings name="本地" id="ffe8e615-da9b-4382-b315-9270326db308">
    <Description>这些设置为本地测试运行的默认测试设置。</Description>
    <Deployment enabled="false" runDeploymentRoot="WGC_WGC-PC 2014-05-24 18_10_26">
      <DeploymentItem filename="D:\git_file\agile\bin\Debug\Newtonsoft.Json.dll" />
      <DeploymentItem filename="D:\git_file\agile\bin\Debug\FundHelper.exe" />
    </Deployment>
    <Execution>
      <TestTypeSpecific />
      <AgentRule name="Execution Agents">
      </AgentRule>
    </Execution>
  </TestSettings>
  <Times creation="2014-05-24T18:10:26.8164419+08:00" queuing="2014-05-24T18:10:26.8324428+08:00" start="2014-05-24T18:10:26.8444435+08:00" finish="2014-05-24T18:10:28.0535126+08:00" />
  <ResultSummary outcome="Warning">
    <Counters total="5" executed="5" passed="5" error="0" failed="0" timeout="0" aborted="0" inconclusive="0" passedButRunAborted="0" notRunnable="0" notExecuted="0" disconnected="0" warning="0" completed="0" inProgress="0" pending="0" />
    <RunInfos>
      <RunInfo computerName="WGC-PC" outcome="Warning" timestamp="2014-05-24T18:10:26.8324428+08:00">
        <Text>当前已禁用部署。未部署测试“SearchTest.SearchTest.Search_SearchByCodeTest1”中的部署项“FundHelper.exe”。</Text>
      </RunInfo>
    </RunInfos>
  </ResultSummary>
  <TestDefinitions>
    <UnitTest name="Search_SearchByCodeTest1" storage="d:\git_file\agile\searchtest\bin\debug\searchtest.dll" id="885226bb-3bc1-c27b-1bfe-9c217144577b">
      <DeploymentItems>
        <DeploymentItem filename="FundHelper.exe" />
      </DeploymentItems>
      <Execution id="19c5f565-59a9-4946-807a-a279918da349" />
      <TestMethod codeBase="D:/git_file/agile/SearchTest/bin/Debug/SearchTest.DLL" adapterTypeName="Microsoft.VisualStudio.TestTools.TestTypes.Unit.UnitTestAdapter, Microsoft.VisualStudio.QualityTools.Tips.UnitTest.Adapter, Version=10.0.0.0, Culture=neutral, PublicKeyToken=b03f5f7f11d50a3a" className="SearchTest.SearchTest, SearchTest, Version=1.0.0.0, Culture=neutral, PublicKeyToken=null" name="Search_SearchByCodeTest1" />
    </UnitTest>
    <UnitTest name="Search_SearchByNameTest1" storage="d:\git_file\agile\searchtest\bin\debug\searchtest.dll" id="3d4fa690-dcaf-92a2-a8e4-a3689e99e105">
      <DeploymentItems>
        <DeploymentItem filename="FundHelper.exe" />
      </DeploymentItems>
      <Execution id="a8cf7108-6f38-4c8b-a90c-1d1220885155" />
      <TestMethod codeBase="D:/git_file/agile/SearchTest/bin/Debug/SearchTest.DLL" adapterTypeName="Microsoft.VisualStudio.TestTools.TestTypes.Unit.UnitTestAdapter, Microsoft.VisualStudio.QualityTools.Tips.UnitTest.Adapter, Version=10.0.0.0, Culture=neutral, PublicKeyToken=b03f5f7f11d50a3a" className="SearchTest.SearchTest, SearchTest, Version=1.0.0.0, Culture=neutral, PublicKeyToken=null" name="Search_SearchByNameTest1" />
    </UnitTest>
    <UnitTest name="Search_SearchByCodeTest2" storage="d:\git_file\agile\searchtest\bin\debug\searchtest.dll" id="a77bd008-9d31-9564-922a-8dedfa4d9ef5">
      <DeploymentItems>
        <DeploymentItem filename="FundHelper.exe" />
      </DeploymentItems>
      <Execution id="905b6ba7-0f03-4291-bb66-a6a721dcfae6" />
      <TestMethod codeBase="D:/git_file/agile/SearchTest/bin/Debug/SearchTest.DLL" adapterTypeName="Microsoft.VisualStudio.TestTools.TestTypes.Unit.UnitTestAdapter, Microsoft.VisualStudio.QualityTools.Tips.UnitTest.Adapter, Version=10.0.0.0, Culture=neutral, PublicKeyToken=b03f5f7f11d50a3a" className="SearchTest.SearchTest, SearchTest, Version=1.0.0.0, Culture=neutral, PublicKeyToken=null" name="Search_SearchByCodeTest2" />
    </UnitTest>
    <UnitTest name="SearchConstructorTest" storage="d:\git_file\agile\searchtest\bin\debug\searchtest.dll" id="f7f9dc8c-40f9-afe4-bc02-c96992e7d34f">
      <DeploymentItems>
        <DeploymentItem filename="FundHelper.exe" />
      </DeploymentItems>
      <Execution id="d1cf1846-f76e-49a1-ba11-3ac6680bfebd" />
      <TestMethod codeBase="D:/git_file/agile/SearchTest/bin/Debug/SearchTest.DLL" adapterTypeName="Microsoft.VisualStudio.TestTools.TestTypes.Unit.UnitTestAdapter, Microsoft.VisualStudio.QualityTools.Tips.UnitTest.Adapter, Version=10.0.0.0, Culture=neutral, PublicKeyToken=b03f5f7f11d50a3a" className="SearchTest.SearchTest, SearchTest, Version=1.0.0.0, Culture=neutral, PublicKeyToken=null" name="SearchConstructorTest" />
    </UnitTest>
    <UnitTest name="Search_SearchByNameTest2" storage="d:\git_file\agile\searchtest\bin\debug\searchtest.dll" id="1088fdeb-28ef-0752-3498-b93f358b8a4b">
      <DeploymentItems>
        <DeploymentItem filename="FundHelper.exe" />
      </DeploymentItems>
      <Execution id="7bf1fe91-7e09-48cc-88d0-49149a652395" />
      <TestMethod codeBase="D:/git_file/agile/SearchTest/bin/Debug/SearchTest.DLL" adapterTypeName="Microsoft.VisualStudio.TestTools.TestTypes.Unit.UnitTestAdapter, Microsoft.VisualStudio.QualityTools.Tips.UnitTest.Adapter, Version=10.0.0.0, Culture=neutral, PublicKeyToken=b03f5f7f11d50a3a" className="SearchTest.SearchTest, SearchTest, Version=1.0.0.0, Culture=neutral, PublicKeyToken=null" name="Search_SearchByNameTest2" />
    </UnitTest>
  </TestDefinitions>
  <TestLists>
    <TestList name="列表中未列出的结果" id="8c84fa94-04c1-424b-9868-57a2d4851a1d" />
    <TestList name="所有已加载的结果" id="19431567-8539-422a-85d7-44ee4e166bda" />
  </TestLists>
  <TestEntries>
    <TestEntry testId="1088fdeb-28ef-0752-3498-b93f358b8a4b" executionId="7bf1fe91-7e09-48cc-88d0-49149a652395" testListId="8c84fa94-04c1-424b-9868-57a2d4851a1d" />
    <TestEntry testId="885226bb-3bc1-c27b-1bfe-9c217144577b" executionId="19c5f565-59a9-4946-807a-a279918da349" testListId="8c84fa94-04c1-424b-9868-57a2d4851a1d" />
    <TestEntry testId="3d4fa690-dcaf-92a2-a8e4-a3689e99e105" executionId="a8cf7108-6f38-4c8b-a90c-1d1220885155" testListId="8c84fa94-04c1-424b-9868-57a2d4851a1d" />
    <TestEntry testId="a77bd008-9d31-9564-922a-8dedfa4d9ef5" executionId="905b6ba7-0f03-4291-bb66-a6a721dcfae6" testListId="8c84fa94-04c1-424b-9868-57a2d4851a1d" />
    <TestEntry testId="f7f9dc8c-40f9-afe4-bc02-c96992e7d34f" executionId="d1cf1846-f76e-49a1-ba11-3ac6680bfebd" testListId="8c84fa94-04c1-424b-9868-57a2d4851a1d" />
  </TestEntries>
  <Results>
    <UnitTestResult executionId="7bf1fe91-7e09-48cc-88d0-49149a652395" testId="1088fdeb-28ef-0752-3498-b93f358b8a4b" testName="Search_SearchByNameTest2" computerName="WGC-PC" duration="00:00:00.3575994" startTime="2014-05-24T18:10:26.8724451+08:00" endTime="2014-05-24T18:10:27.4624788+08:00" testType="13cdc9d9-ddb5-4fa4-a97d-d965ccfc6d4b" outcome="Passed" testListId="8c84fa94-04c1-424b-9868-57a2d4851a1d" relativeResultsDirectory="7bf1fe91-7e09-48cc-88d0-49149a652395">
      <Output>
        <StdOut>1154 0 2309
576 0 1153
865 577 1153
720 577 864
792 721 864
828 793 864
810 793 827
819 811 827
823 820 827
825 824 827
824 824 824
1154 0 2309
576 0 1153
287 0 575
143 0 286
71 0 142
35 0 70
17 0 34
8 0 16
3 0 7
1 0 2
0 0 0</StdOut>
      </Output>
    </UnitTestResult>
    <UnitTestResult executionId="19c5f565-59a9-4946-807a-a279918da349" testId="885226bb-3bc1-c27b-1bfe-9c217144577b" testName="Search_SearchByCodeTest1" computerName="WGC-PC" duration="00:00:00.2236085" startTime="2014-05-24T18:10:27.4644789+08:00" endTime="2014-05-24T18:10:27.6924920+08:00" testType="13cdc9d9-ddb5-4fa4-a97d-d965ccfc6d4b" outcome="Passed" testListId="8c84fa94-04c1-424b-9868-57a2d4851a1d" relativeResultsDirectory="19c5f565-59a9-4946-807a-a279918da349">
      <Output>
        <StdOut>1154 0 2309
576 0 1153
287 0 575
143 0 286
71 0 142
35 0 70
17 0 34
8 0 16
3 0 7
1 0 2
0 0 0</StdOut>
      </Output>
    </UnitTestResult>
    <UnitTestResult executionId="a8cf7108-6f38-4c8b-a90c-1d1220885155" testId="3d4fa690-dcaf-92a2-a8e4-a3689e99e105" testName="Search_SearchByNameTest1" computerName="WGC-PC" duration="00:00:00.1592334" startTime="2014-05-24T18:10:27.6964922+08:00" endTime="2014-05-24T18:10:27.8605016+08:00" testType="13cdc9d9-ddb5-4fa4-a97d-d965ccfc6d4b" outcome="Passed" testListId="8c84fa94-04c1-424b-9868-57a2d4851a1d" relativeResultsDirectory="a8cf7108-6f38-4c8b-a90c-1d1220885155">
      <Output>
        <StdOut>1154 0 2309
576 0 1153
865 577 1153
720 577 864
792 721 864
828 793 864
810 793 827
819 811 827
823 820 827
825 824 827
824 824 824
1154 0 2309
576 0 1153
287 0 575
143 0 286
71 0 142
35 0 70
17 0 34
8 0 16
3 0 7
1 0 2
0 0 0</StdOut>
      </Output>
    </UnitTestResult>
    <UnitTestResult executionId="905b6ba7-0f03-4291-bb66-a6a721dcfae6" testId="a77bd008-9d31-9564-922a-8dedfa4d9ef5" testName="Search_SearchByCodeTest2" computerName="WGC-PC" duration="00:00:00.1570892" startTime="2014-05-24T18:10:27.8655019+08:00" endTime="2014-05-24T18:10:28.0275111+08:00" testType="13cdc9d9-ddb5-4fa4-a97d-d965ccfc6d4b" outcome="Passed" testListId="8c84fa94-04c1-424b-9868-57a2d4851a1d" relativeResultsDirectory="905b6ba7-0f03-4291-bb66-a6a721dcfae6">
      <Output>
        <StdOut>1154 0 2309
576 0 1153
287 0 575
143 0 286
71 0 142
35 0 70
17 0 34
8 0 16
3 0 7
1 0 2</StdOut>
      </Output>
    </UnitTestResult>
    <UnitTestResult executionId="d1cf1846-f76e-49a1-ba11-3ac6680bfebd" testId="f7f9dc8c-40f9-afe4-bc02-c96992e7d34f" testName="SearchConstructorTest" computerName="WGC-PC" duration="00:00:00.0003712" startTime="2014-05-24T18:10:28.0295112+08:00" endTime="2014-05-24T18:10:28.0355116+08:00" testType="13cdc9d9-ddb5-4fa4-a97d-d965ccfc6d4b" outcome="Passed" testListId="8c84fa94-04c1-424b-9868-57a2d4851a1d" relativeResultsDirectory="d1cf1846-f76e-49a1-ba11-3ac6680bfebd">
    </UnitTestResult>
  </Results>
</TestRun>